<?xml version="1.0" encoding="UTF-8"?>
<robot generator="Robot 6.0.2 (Python 3.11.2 on win32)" generated="20230603 14:39:13.232" rpa="false" schemaversion="3">
<suite id="s1" name="Amazon Testes" source="C:\Users\diego\Documents\projetos\udemy\automacao-de-testes-com-robot\amazon_testes.robot">
<test id="s1-t1" name="Caso de teste 2 - Pesquisa de um produto" line="17">
<kw name="abrir o navegador" library="amazon_resources" type="SETUP">
<kw name="Open Browser" library="SeleniumLibrary">
<arg>browser=chrome</arg>
<doc>Opens a new browser instance to the optional ``url``.</doc>
<msg timestamp="20230603 14:39:13.379" level="INFO">Opening browser 'chrome' to base url 'None'.</msg>
<status status="PASS" starttime="20230603 14:39:13.378" endtime="20230603 14:39:14.355"/>
</kw>
<kw name="Maximize Browser Window" library="SeleniumLibrary">
<doc>Maximizes current browser window.</doc>
<status status="PASS" starttime="20230603 14:39:14.355" endtime="20230603 14:39:14.473"/>
</kw>
<status status="PASS" starttime="20230603 14:39:13.378" endtime="20230603 14:39:14.473"/>
</kw>
<kw name="Acessar a home page do site Amazon.com.br" library="amazon_resources">
<kw name="Go To" library="SeleniumLibrary">
<arg>url=${URL}</arg>
<doc>Navigates the current browser window to the provided ``url``.</doc>
<msg timestamp="20230603 14:39:14.474" level="INFO">Opening url 'http://Amazon.com.br'</msg>
<status status="PASS" starttime="20230603 14:39:14.473" endtime="20230603 14:39:17.029"/>
</kw>
<status status="PASS" starttime="20230603 14:39:14.473" endtime="20230603 14:39:17.029"/>
</kw>
<kw name="Digitar o nome de produto &quot;Xbox series S&quot; no campo de Pesquisa" library="amazon_resources" sourcename="Digitar o nome de produto &quot;${PRODUTO_PESQUISADO}&quot; no campo de Pesquisa">
<kw name="Input Text" library="SeleniumLibrary">
<arg>locator=//input[@id='twotabsearchtextbox']</arg>
<arg>text=${PRODUTO_PESQUISADO}</arg>
<doc>Types the given ``text`` into the text field identified by ``locator``.</doc>
<msg timestamp="20230603 14:39:17.030" level="INFO">Typing text 'Xbox series S' into text field '//input[@id='twotabsearchtextbox']'.</msg>
<status status="PASS" starttime="20230603 14:39:17.029" endtime="20230603 14:39:17.126"/>
</kw>
<status status="PASS" starttime="20230603 14:39:17.029" endtime="20230603 14:39:17.126"/>
</kw>
<kw name="Clicar no botão Pesquisa" library="amazon_resources">
<kw name="Click Button" library="SeleniumLibrary">
<arg>locator=//input[@id='nav-search-submit-button']</arg>
<doc>Clicks the button identified by ``locator``.</doc>
<msg timestamp="20230603 14:39:17.127" level="INFO">Clicking button '//input[@id='nav-search-submit-button']'.</msg>
<status status="PASS" starttime="20230603 14:39:17.127" endtime="20230603 14:39:17.186"/>
</kw>
<status status="PASS" starttime="20230603 14:39:17.127" endtime="20230603 14:39:17.186"/>
</kw>
<doc>Esse teste verifica a pesquisa de um produto</doc>
<tag>busca_produtos</tag>
<status status="PASS" starttime="20230603 14:39:13.378" endtime="20230603 14:39:17.186"/>
</test>
<doc>Essa suite testa o site da Amazon</doc>
<status status="PASS" starttime="20230603 14:39:13.233" endtime="20230603 14:39:17.187"/>
</suite>
<statistics>
<total>
<stat pass="1" fail="0" skip="0">All Tests</stat>
</total>
<tag>
<stat pass="1" fail="0" skip="0">busca_produtos</stat>
</tag>
<suite>
<stat pass="1" fail="0" skip="0" id="s1" name="Amazon Testes">Amazon Testes</stat>
</suite>
</statistics>
<errors>
</errors>
</robot>
